0 verbose cli /usr/bin/node /usr/bin/npm
1 info using npm@9.2.0
2 info using node@v18.19.1
3 timing npm:load:whichnode Completed in 0ms
4 timing config:load:defaults Completed in 3ms
5 timing config:load:file:/usr/share/nodejs/npm/npmrc Completed in 5ms
6 timing config:load:builtin Completed in 5ms
7 timing config:load:cli Completed in 5ms
8 timing config:load:env Completed in 0ms
9 timing config:load:file:/home/ubuntu/node/.npmrc Completed in 0ms
10 timing config:load:project Completed in 3ms
11 timing config:load:file:/home/ubuntu/.npmrc Completed in 0ms
12 timing config:load:user Completed in 1ms
13 timing config:load:file:/etc/npmrc Completed in 0ms
14 timing config:load:global Completed in 0ms
15 timing config:load:setEnvs Completed in 2ms
16 timing config:load Completed in 19ms
17 timing npm:load:configload Completed in 19ms
18 timing npm:load:mkdirpcache Completed in 0ms
19 timing npm:load:mkdirplogs Completed in 0ms
20 verbose title npm i
21 verbose argv "i"
22 timing npm:load:setTitle Completed in 4ms
23 timing config:load:flatten Completed in 6ms
24 timing npm:load:display Completed in 7ms
25 verbose logfile logs-max:10 dir:/home/ubuntu/.npm/_logs/2025-01-12T04_24_01_746Z-
26 verbose logfile /home/ubuntu/.npm/_logs/2025-01-12T04_24_01_746Z-debug-0.log
27 timing npm:load:logFile Completed in 10ms
28 timing npm:load:timers Completed in 0ms
29 timing npm:load:configScope Completed in 0ms
30 timing npm:load Completed in 40ms
31 silly logfile done cleaning log files
32 timing config:load:flatten Completed in 0ms
33 timing arborist:ctor Completed in 1ms
34 timing idealTree Completed in 5ms
35 timing command:i Completed in 15ms
36 verbose stack JSONParseError: Unexpected string in JSON at position 235 while parsing '{
36 verbose stack   "name": "ex01",
36 verbose stack   "version": "1.0.0"'
36 verbose stack     at /usr/share/nodejs/npm/node_modules/read-package-json-fast/lib/index.js:11:61
36 verbose stack     at async Arborist.buildIdealTree (/usr/share/nodejs/@npmcli/arborist/lib/arborist/build-ideal-tree.js:203:7)
36 verbose stack     at async Promise.all (index 1)
36 verbose stack     at async Arborist.reify (/usr/share/nodejs/@npmcli/arborist/lib/arborist/reify.js:156:5)
36 verbose stack     at async Install.exec (/usr/share/nodejs/npm/lib/commands/install.js:146:5)
36 verbose stack     at async module.exports (/usr/share/nodejs/npm/lib/cli.js:133:5)
37 verbose cwd /home/ubuntu/node
38 verbose Linux 6.8.0-1018-aws
39 verbose node v18.19.1
40 verbose npm  v9.2.0
41 error code EJSONPARSE
42 error path /home/ubuntu/node/package.json
43 error JSON.parse Unexpected string in JSON at position 235 while parsing '{
43 error JSON.parse   "name": "ex01",
43 error JSON.parse   "version": "1.0.0"'
44 error JSON.parse Failed to parse JSON data.
44 error JSON.parse Note: package.json must be actual JSON, not just JavaScript.
45 verbose exit 1
46 timing npm Completed in 89ms
47 verbose unfinished npm timer reify 1736655841812
48 verbose unfinished npm timer reify:loadTrees 1736655841813
49 verbose unfinished npm timer idealTree:init 1736655841814
50 verbose code 1
51 error A complete log of this run can be found in:
51 error     /home/ubuntu/.npm/_logs/2025-01-12T04_24_01_746Z-debug-0.log
